RESULTS OF OPERATION COMPLETED AT: 2022-11-07 09:12:58.435144+00:00
__CREATED__
TXT,retestit,,3600,0,272810279
__DELETED__
TXT,testing a re commit,,3600,0,272809326
__EDITED__
No Records Edited
RESULTS OF OPERATION COMPLETED AT: 2022-11-07 09:16:01.144127+00:00
__CREATED__
No Records Created
__DELETED__
TXT,retestit,,3600,0,272810279
__EDITED__
Pre-edit of record id 270053415: A,59.167.177.122,home,600,0,270053415
Post-edit of record id 270053415: A,202.171.171.27,home,600,0,270053415
RESULTS OF OPERATION COMPLETED AT: 2022-11-29 01:09:47.974096+00:00
__CREATED__
CNAME,cname.vercel-dns.com,dlp,600,0,277571253
__DELETED__
No Records Deleted
__EDITED__
No Records Edited
